<?xml version="1.0" encoding="UTF-8"?>
<!-- Generated by org.testng.reporters.JUnitXMLReporter -->
<testsuite hostname="Mirals-Air.ht.home" ignored="0" name="Test" tests="3" failures="0" timestamp="2023-06-02T14:00:29 EDT" time="0.061" errors="0">
  <testcase name="@BeforeClass beforeSetup" time="0.011" classname="Testcases.Demo">
    <failure type="java.io.FileNotFoundException" message="./src/main/java/config/config.properties (No such file or directory)">
      <![CDATA[java.io.FileNotFoundException: ./src/main/java/config/config.properties (No such file or directory)
at java.io.FileInputStream.open(FileInputStream.java:195)
at java.io.FileInputStream.<init>(FileInputStream.java:138)
at TestBase.Browser.setup(Browser.java:27)
at Testcases.Demo.beforeSetup(Demo.java:30)
at java.util.ArrayList.forEach(ArrayList.java:1259)
... Removed 25 stack frames]]>
    </failure>
  </testcase> <!-- @BeforeClass beforeSetup -->
  <testcase name="clickOnDocsAndSeries" time="0.0" classname="Testcases.Demo">
    <skipped/>
  </testcase> <!-- clickOnDocsAndSeries -->
  <testcase name="clickonALLDOCS" time="0.0" classname="Testcases.Demo">
    <skipped/>
  </testcase> <!-- clickonALLDOCS -->
  <testcase name="titleVerify" time="0.0" classname="Testcases.Demo">
    <skipped/>
  </testcase> <!-- titleVerify -->
</testsuite> <!-- Test -->
